Aug-01 17:24:13.656 [main] DEBUG nextflow.cli.Launcher - $> nextflow run proginski/ancorf -profile singularity --gendir data/test/genomes/ --focal Scer_NCBI --tree data/test/saccharomyces.nwk --TRG_table data/test/TRG_table.tsv --queries data/test/SCER_NCOS_CDS_without_distant_homologs.txt -resume
Aug-01 17:24:13.834 [main] INFO  nextflow.cli.CmdRun - N E X T F L O W  ~  version 23.10.0
Aug-01 17:24:13.854 [main] DEBUG nextflow.plugin.PluginsFacade - Setting up plugin manager > mode=prod; embedded=false; plugins-dir=/home/paul.roginski/.nextflow/plugins; core-plugins: nf-amazon@2.1.4,nf-azure@1.3.2,nf-cloudcache@0.3.0,nf-codecommit@0.1.5,nf-console@1.0.6,nf-ga4gh@1.1.0,nf-google@1.8.3,nf-tower@1.6.3,nf-wave@1.0.0
Aug-01 17:24:13.873 [main] INFO  o.pf4j.DefaultPluginStatusProvider - Enabled plugins: []
Aug-01 17:24:13.875 [main] INFO  o.pf4j.DefaultPluginStatusProvider - Disabled plugins: []
Aug-01 17:24:13.878 [main] INFO  org.pf4j.DefaultPluginManager - PF4J version 3.4.1 in 'deployment' mode
Aug-01 17:24:13.890 [main] INFO  org.pf4j.AbstractPluginManager - No plugins
Aug-01 17:24:13.907 [main] DEBUG nextflow.scm.ProviderConfig - Using SCM config path: /home/paul.roginski/.nextflow/scm
Aug-01 17:24:14.335 [main] DEBUG nextflow.scm.ProviderConfig - Detected SCM config: [providers:[github:[user:proginski, password:ghp****]]]
Aug-01 17:24:14.346 [main] DEBUG nextflow.scm.RepositoryFactory - Found Git repository result: [RepositoryFactory]
Aug-01 17:24:14.692 [main] DEBUG nextflow.scm.AssetManager - Git config: /home/paul.roginski/.nextflow/assets/proginski/ancorf/.git/config; branch: master; remote: origin; url: https://github.com/Proginski/ancorf.git
Aug-01 17:24:14.706 [main] DEBUG nextflow.scm.AssetManager - Git config: /home/paul.roginski/.nextflow/assets/proginski/ancorf/.git/config; branch: master; remote: origin; url: https://github.com/Proginski/ancorf.git
Aug-01 17:24:15.427 [main] DEBUG nextflow.config.ConfigBuilder - Found config base: /home/paul.roginski/.nextflow/assets/proginski/ancorf/nextflow.config
Aug-01 17:24:15.431 [main] DEBUG nextflow.config.ConfigBuilder - Found config local: /store/EQUIPES/BIM/MEMBERS/paul.roginski/ancorf/nextflow.config
Aug-01 17:24:15.432 [main] DEBUG nextflow.config.ConfigBuilder - Parsing config file: /home/paul.roginski/.nextflow/assets/proginski/ancorf/nextflow.config
Aug-01 17:24:15.432 [main] DEBUG nextflow.config.ConfigBuilder - Parsing config file: /store/EQUIPES/BIM/MEMBERS/paul.roginski/ancorf/nextflow.config
Aug-01 17:24:15.440 [main] DEBUG nextflow.config.ConfigBuilder - Applying config profile: `singularity`
Aug-01 17:24:15.548 [main] DEBUG nextflow.config.ConfigBuilder - Applying config profile: `singularity`
Aug-01 17:24:15.564 [main] DEBUG nextflow.config.ConfigBuilder - Available config profiles: [perso, debug, test, bim_slurm, apptainer, bim, docker, gitpod, shifter, common, pbspro, mamba, charliecloud, conda, singularity, arm, podman]
Aug-01 17:24:15.601 [main] DEBUG nextflow.cli.CmdRun - Applied DSL=2 from script declararion
Aug-01 17:24:15.602 [main] INFO  nextflow.cli.CmdRun - Launching `https://github.com/proginski/ancorf` [lethal_monod] DSL2 - revision: 9e298616c1 [master]
Aug-01 17:24:15.602 [main] DEBUG nextflow.plugin.PluginsFacade - Plugins declared=[nf-validation@0.3.1]
Aug-01 17:24:15.603 [main] DEBUG nextflow.plugin.PluginsFacade - Plugins default=[]
Aug-01 17:24:15.603 [main] DEBUG nextflow.plugin.PluginsFacade - Plugins resolved requirement=[nf-validation@0.3.1]
Aug-01 17:24:15.603 [main] DEBUG nextflow.plugin.PluginUpdater - Installing plugin nf-validation version: 0.3.1
Aug-01 17:24:15.640 [main] INFO  org.pf4j.AbstractPluginManager - Plugin 'nf-validation@0.3.1' resolved
Aug-01 17:24:15.640 [main] INFO  org.pf4j.AbstractPluginManager - Start plugin 'nf-validation@0.3.1'
Aug-01 17:24:15.673 [main] DEBUG nextflow.plugin.BasePlugin - Plugin started nf-validation@0.3.1
Aug-01 17:24:15.686 [main] DEBUG n.secret.LocalSecretsProvider - Secrets store: /home/paul.roginski/.nextflow/secrets/store.json
Aug-01 17:24:15.689 [main] DEBUG nextflow.secret.SecretsLoader - Discovered secrets providers: [nextflow.secret.LocalSecretsProvider@794eeaf8] - activable => nextflow.secret.LocalSecretsProvider@794eeaf8
Aug-01 17:24:15.735 [main] DEBUG nextflow.Session - Session UUID: 25c66653-f49a-49b8-87c7-b67e04257339
Aug-01 17:24:15.735 [main] DEBUG nextflow.Session - Run name: lethal_monod
Aug-01 17:24:15.736 [main] DEBUG nextflow.Session - Executor pool size: 10
Aug-01 17:24:15.741 [main] DEBUG nextflow.file.FilePorter - File porter settings maxRetries=3; maxTransfers=50; pollTimeout=null
Aug-01 17:24:15.744 [main] DEBUG nextflow.util.ThreadPoolBuilder - Creating thread pool 'FileTransfer' minSize=10; maxSize=30; workQueue=LinkedBlockingQueue[10000]; allowCoreThreadTimeout=false
Aug-01 17:24:15.758 [main] DEBUG nextflow.cli.CmdRun - 
  Version: 23.10.0 build 5889
  Created: 15-10-2023 15:07 UTC (17:07 CEST)
  System: Linux 5.10.0-31-amd64
  Runtime: Groovy 3.0.19 on OpenJDK 64-Bit Server VM 11.0.23+9-post-Debian-1deb11u1
  Encoding: UTF-8 (ANSI_X3.4-1968)
  Process: 1581357@node04 [10.95.32.35]
  CPUs: 10 - Mem: 20 GB (19.5 GB) - Swap: 0 (0)
Aug-01 17:24:15.814 [main] DEBUG nextflow.Session - Work-dir: /store/EQUIPES/BIM/MEMBERS/paul.roginski/ancorf/work [nfs]
Aug-01 17:24:15.837 [main] DEBUG nextflow.executor.ExecutorFactory - Extension executors providers=[]
Aug-01 17:24:15.855 [main] DEBUG nextflow.Session - Observer factory: DefaultObserverFactory
Aug-01 17:24:15.907 [main] DEBUG nextflow.cache.CacheFactory - Using Nextflow cache factory: nextflow.cache.DefaultCacheFactory
Aug-01 17:24:15.915 [main] DEBUG nextflow.util.CustomThreadPool - Creating default thread pool > poolSize: 11; maxThreads: 1000
Aug-01 17:24:16.047 [main] DEBUG nextflow.Session - Session start
Aug-01 17:24:16.050 [main] DEBUG nextflow.trace.TraceFileObserver - Workflow started -- trace file: /store/EQUIPES/BIM/MEMBERS/paul.roginski/ancorf/pipeline_info/execution_trace_2025-08-01_17-24-15.txt
Aug-01 17:24:16.147 [main] DEBUG nextflow.script.ScriptRunner - > Launching execution
Aug-01 17:24:16.315 [main] INFO  nextflow.Nextflow - 

Aug-01 17:24:16.316 [main] INFO  nextflow.Nextflow - Welcome to this workflow.
Aug-01 17:24:16.316 [main] INFO  nextflow.Nextflow - 

Aug-01 17:24:16.317 [main] DEBUG nextflow.script.IncludeDef - Loading included plugin extensions with names: [validateParameters:validateParameters, paramsHelp:paramsHelp, paramsSummaryLog:paramsSummaryLog, fromSamplesheet:fromSamplesheet]; plugin Id: nf-validation
Aug-01 17:24:16.405 [main] WARN  nextflow.script.ScriptBinding - Access to undefined parameter `help` -- Initialise it to a default value eg. `params.help = some_value`
Aug-01 17:24:16.411 [main] DEBUG nextflow.validation.SchemaValidator - Starting parameters validation
Aug-01 17:24:16.502 [main] WARN  nextflow.validation.SchemaValidator - The following invalid input values have been detected:

* --TRG_table: data/test/TRG_table.tsv


Aug-01 17:24:16.528 [main] DEBUG nextflow.validation.SchemaValidator - Finishing parameters validation
Aug-01 17:24:16.537 [main] INFO  nextflow.Nextflow - [1mCore Nextflow options[0m
  [0;34mrevision       : [0;32mmaster[0m
  [0;34mrunName        : [0;32mlethal_monod[0m
  [0;34mcontainerEngine: [0;32msingularity[0m
  [0;34mcontainer      : [0;32mdocker://proginski/ancorf[0m
  [0;34mlaunchDir      : [0;32m/store/EQUIPES/BIM/MEMBERS/paul.roginski/ancorf[0m
  [0;34mworkDir        : [0;32m/store/EQUIPES/BIM/MEMBERS/paul.roginski/ancorf/work[0m
  [0;34mprojectDir     : [0;32m/home/paul.roginski/.nextflow/assets/proginski/ancorf[0m
  [0;34muserName       : [0;32mpaul.roginski[0m
  [0;34mprofile        : [0;32msingularity[0m
  [0;34mconfigFiles    : [0;32m[0m

[1mInput/output options[0m
  [0;34moutdir         : [0;32mancorf_results[0m
  [0;34mgendir         : [0;32mdata/test/genomes/[0m

[1mRequired input values[0m
  [0;34mfocal          : [0;32mScer_NCBI[0m
  [0;34mqueries        : [0;32mdata/test/SCER_NCOS_CDS_without_distant_homologs.txt[0m
  [0;34mtree           : [0;32mdata/test/saccharomyces.nwk[0m

!! Only displaying parameters that differ from the pipeline defaults !!
-[2m----------------------------------------------------[0m-
Aug-01 17:24:16.820 [main] DEBUG nextflow.script.ScriptRunner - Parsed script files:
  Script_be8fce9bb33f0d4a: /home/paul.roginski/.nextflow/assets/proginski/ancorf/main.nf
  Script_76a90de1cca28698: /home/paul.roginski/.nextflow/assets/proginski/ancorf/./workflows/ancorf.nf
  Script_3c465717d7863d0a: /home/paul.roginski/.nextflow/assets/proginski/ancorf/./workflows/../modules/local/ancorf_modules.nf
Aug-01 17:24:16.820 [main] DEBUG nextflow.Session - Session aborted -- Cause: Cannot find a component with name 'ANCESTRAL_ORFS' in module: /home/paul.roginski/.nextflow/assets/proginski/ancorf/./workflows/../modules/local/ancorf_modules.nf
Aug-01 17:24:16.827 [main] ERROR nextflow.cli.Launcher - @unknown
nextflow.exception.MissingModuleComponentException: Cannot find a component with name 'ANCESTRAL_ORFS' in module: /home/paul.roginski/.nextflow/assets/proginski/ancorf/./workflows/../modules/local/ancorf_modules.nf
	at nextflow.script.ScriptMeta.addModule(ScriptMeta.groovy:329)
	at nextflow.script.ScriptMeta.addModule(ScriptMeta.groovy:320)
	at nextflow.script.IncludeDef.load0(IncludeDef.groovy:126)
	at nextflow.script.IncludeDef$load0$1.call(Unknown Source)
	at org.codehaus.groovy.runtime.callsite.CallSiteArray.defaultCall(CallSiteArray.java:47)
	at org.codehaus.groovy.runtime.callsite.AbstractCallSite.call(AbstractCallSite.java:125)
	at org.codehaus.groovy.runtime.callsite.AbstractCallSite.call(AbstractCallSite.java:139)
	at Script_76a90de1cca28698.runScript(Script_76a90de1cca28698:41)
	at nextflow.script.BaseScript.run0(BaseScript.groovy:144)
	at nextflow.script.BaseScript.run(BaseScript.groovy:192)
	at nextflow.script.ScriptParser.runScript(ScriptParser.groovy:236)
	at nextflow.script.ScriptParser.runScript(ScriptParser.groovy:222)
	at nextflow.script.IncludeDef.memoizedMethodPriv$loadModule0PathMapSession(IncludeDef.groovy:151)
	at nextflow.script.IncludeDef.access$0(IncludeDef.groovy)
	at nextflow.script.IncludeDef$__clinit__closure2.doCall(IncludeDef.groovy)
	at java.base/jdk.internal.reflect.NativeMethodAccessorImpl.invoke0(Native Method)
	at java.base/jdk.internal.reflect.NativeMethodAccessorImpl.invoke(NativeMethodAccessorImpl.java:62)
	at java.base/jdk.internal.reflect.DelegatingMethodAccessorImpl.invoke(DelegatingMethodAccessorImpl.java:43)
	at java.base/java.lang.reflect.Method.invoke(Method.java:566)
	at org.codehaus.groovy.reflection.CachedMethod.invoke(CachedMethod.java:107)
	at groovy.lang.MetaMethod.doMethodInvoke(MetaMethod.java:323)
	at org.codehaus.groovy.runtime.metaclass.ClosureMetaClass.invokeMethod(ClosureMetaClass.java:274)
	at groovy.lang.MetaClassImpl.invokeMethod(MetaClassImpl.java:1030)
	at groovy.lang.Closure.call(Closure.java:427)
	at org.codehaus.groovy.runtime.memoize.Memoize$MemoizeFunction.lambda$call$0(Memoize.java:137)
	at org.codehaus.groovy.runtime.memoize.ConcurrentCommonCache.getAndPut(ConcurrentCommonCache.java:137)
	at org.codehaus.groovy.runtime.memoize.ConcurrentCommonCache.getAndPut(ConcurrentCommonCache.java:113)
	at org.codehaus.groovy.runtime.memoize.Memoize$MemoizeFunction.call(Memoize.java:136)
	at nextflow.script.IncludeDef.loadModule0(IncludeDef.groovy)
	at nextflow.script.IncludeDef.load0(IncludeDef.groovy:123)
	at nextflow.script.IncludeDef$load0$1.call(Unknown Source)
	at org.codehaus.groovy.runtime.callsite.CallSiteArray.defaultCall(CallSiteArray.java:47)
	at org.codehaus.groovy.runtime.callsite.AbstractCallSite.call(AbstractCallSite.java:125)
	at org.codehaus.groovy.runtime.callsite.AbstractCallSite.call(AbstractCallSite.java:139)
	at Script_be8fce9bb33f0d4a.runScript(Script_be8fce9bb33f0d4a:50)
	at nextflow.script.BaseScript.run0(BaseScript.groovy:144)
	at nextflow.script.BaseScript.run(BaseScript.groovy:192)
	at nextflow.script.ScriptParser.runScript(ScriptParser.groovy:236)
	at nextflow.script.ScriptRunner.run(ScriptRunner.groovy:242)
	at nextflow.script.ScriptRunner.execute(ScriptRunner.groovy:137)
	at nextflow.cli.CmdRun.run(CmdRun.groovy:372)
	at nextflow.cli.Launcher.run(Launcher.groovy:499)
	at nextflow.cli.Launcher.main(Launcher.groovy:670)
